0 info it worked if it ends with ok
1 verbose cli [ '/usr/local/bin/node',
1 verbose cli   '/usr/local/bin/npm',
1 verbose cli   'install',
1 verbose cli   'bower',
1 verbose cli   'install',
1 verbose cli   'ngCordova',
1 verbose cli   '-S' ]
2 info using npm@2.11.3
3 info using node@v0.12.7
4 verbose install initial load of /home/mohibwasay/Desktop/Projects/CameraCordova/camera/package.json
5 warn package.json camera@1.0.0 No description
6 warn package.json camera@1.0.0 No repository field.
7 warn package.json camera@1.0.0 No README data
8 verbose readDependencies loading dependencies from /home/mohibwasay/Desktop/Projects/CameraCordova/camera/package.json
9 silly cache add args [ 'bower', null ]
10 verbose cache add spec bower
11 silly cache add args [ 'install', null ]
12 verbose cache add spec install
13 silly cache add args [ 'ngCordova', null ]
14 verbose cache add spec ngCordova
15 silly cache add parsed spec { raw: 'bower',
15 silly cache add   scope: null,
15 silly cache add   name: 'bower',
15 silly cache add   rawSpec: '',
15 silly cache add   spec: '*',
15 silly cache add   type: 'range' }
16 silly addNamed bower@*
17 verbose addNamed "*" is a valid semver range for bower
18 silly addNameRange { name: 'bower', range: '*', hasData: false }
19 silly mapToRegistry name bower
20 silly mapToRegistry using default registry
21 silly mapToRegistry registry https://registry.npmjs.org/
22 silly mapToRegistry uri https://registry.npmjs.org/bower
23 verbose addNameRange registry:https://registry.npmjs.org/bower not in flight; fetching
24 silly cache add parsed spec { raw: 'install',
24 silly cache add   scope: null,
24 silly cache add   name: 'install',
24 silly cache add   rawSpec: '',
24 silly cache add   spec: '*',
24 silly cache add   type: 'range' }
25 silly addNamed install@*
26 verbose addNamed "*" is a valid semver range for install
27 silly addNameRange { name: 'install', range: '*', hasData: false }
28 silly mapToRegistry name install
29 silly mapToRegistry using default registry
30 silly mapToRegistry registry https://registry.npmjs.org/
31 silly mapToRegistry uri https://registry.npmjs.org/install
32 verbose addNameRange registry:https://registry.npmjs.org/install not in flight; fetching
33 silly cache add parsed spec { raw: 'ngCordova',
33 silly cache add   scope: null,
33 silly cache add   name: 'ngCordova',
33 silly cache add   rawSpec: '',
33 silly cache add   spec: '*',
33 silly cache add   type: 'range' }
34 silly addNamed ngCordova@*
35 verbose addNamed "*" is a valid semver range for ngCordova
36 silly addNameRange { name: 'ngCordova', range: '*', hasData: false }
37 silly mapToRegistry name ngCordova
38 silly mapToRegistry using default registry
39 silly mapToRegistry registry https://registry.npmjs.org/
40 silly mapToRegistry uri https://registry.npmjs.org/ngCordova
41 verbose addNameRange registry:https://registry.npmjs.org/ngCordova not in flight; fetching
42 verbose request uri https://registry.npmjs.org/ngCordova
43 verbose request no auth needed
44 info attempt registry request try #1 at 3:02:29 PM
45 verbose request id 56ad57bc29f0cb49
46 http request GET https://registry.npmjs.org/ngCordova
47 verbose request uri https://registry.npmjs.org/bower
48 verbose request no auth needed
49 info attempt registry request try #1 at 3:02:29 PM
50 verbose etag "5JNBX1F1FO0NBCAU710QZMAAK"
51 http request GET https://registry.npmjs.org/bower
52 verbose request uri https://registry.npmjs.org/install
53 verbose request no auth needed
54 info attempt registry request try #1 at 3:02:29 PM
55 verbose etag "113P54VHX3FJP3LDSDBKOLHUM"
56 http request GET https://registry.npmjs.org/install
57 http 200 https://registry.npmjs.org/install
58 silly get cb [ 200,
58 silly get   { server: 'CouchDB/1.5.0 (Erlang OTP/R16B03)',
58 silly get     etag: '"E366EZ1PP0PRHGRS019U820V3"',
58 silly get     'content-type': 'application/json',
58 silly get     'cache-control': 'max-age=60',
58 silly get     'content-length': '10423',
58 silly get     'accept-ranges': 'bytes',
58 silly get     date: 'Mon, 24 Aug 2015 10:02:30 GMT',
58 silly get     via: '1.1 varnish',
58 silly get     age: '16',
58 silly get     connection: 'keep-alive',
58 silly get     'x-served-by': 'cache-lcy1132-LCY',
58 silly get     'x-cache': 'HIT',
58 silly get     'x-cache-hits': '1',
58 silly get     'x-timer': 'S1440410550.711005,VS0,VE0',
58 silly get     vary: 'Accept' } ]
59 verbose get saving install to /home/mohibwasay/.npm/registry.npmjs.org/install/.cache.json
60 silly addNameRange number 2 { name: 'install', range: '*', hasData: true }
61 silly addNameRange versions [ 'install',
61 silly addNameRange   [ '0.1.1',
61 silly addNameRange     '0.1.2',
61 silly addNameRange     '0.1.3',
61 silly addNameRange     '0.1.4',
61 silly addNameRange     '0.1.5',
61 silly addNameRange     '0.1.6',
61 silly addNameRange     '0.1.7',
61 silly addNameRange     '0.1.8' ] ]
62 silly addNamed install@0.1.8
63 verbose addNamed "0.1.8" is a plain semver version for install
64 silly cache afterAdd install@0.1.8
65 verbose afterAdd /home/mohibwasay/.npm/install/0.1.8/package/package.json not in flight; writing
66 verbose afterAdd /home/mohibwasay/.npm/install/0.1.8/package/package.json written
67 http 404 https://registry.npmjs.org/ngCordova
68 verbose headers { 'content-type': 'application/json',
68 verbose headers   'cache-control': 'max-age=0',
68 verbose headers   'content-length': '2',
68 verbose headers   'accept-ranges': 'bytes',
68 verbose headers   date: 'Mon, 24 Aug 2015 10:02:30 GMT',
68 verbose headers   via: '1.1 varnish',
68 verbose headers   age: '0',
68 verbose headers   connection: 'keep-alive',
68 verbose headers   'x-served-by': 'cache-lcy1128-LCY',
68 verbose headers   'x-cache': 'MISS',
68 verbose headers   'x-cache-hits': '0',
68 verbose headers   'x-timer': 'S1440410550.699729,VS0,VE99' }
69 silly get cb [ 404,
69 silly get   { 'content-type': 'application/json',
69 silly get     'cache-control': 'max-age=0',
69 silly get     'content-length': '2',
69 silly get     'accept-ranges': 'bytes',
69 silly get     date: 'Mon, 24 Aug 2015 10:02:30 GMT',
69 silly get     via: '1.1 varnish',
69 silly get     age: '0',
69 silly get     connection: 'keep-alive',
69 silly get     'x-served-by': 'cache-lcy1128-LCY',
69 silly get     'x-cache': 'MISS',
69 silly get     'x-cache-hits': '0',
69 silly get     'x-timer': 'S1440410550.699729,VS0,VE99' } ]
70 http 200 https://registry.npmjs.org/bower
71 silly get cb [ 200,
71 silly get   { server: 'CouchDB/1.5.0 (Erlang OTP/R16B03)',
71 silly get     etag: '"5QW19NRB2XQTFH80Q4IN5HWPS"',
71 silly get     'content-type': 'application/json',
71 silly get     'cache-control': 'max-age=60',
71 silly get     'content-length': '117518',
71 silly get     'accept-ranges': 'bytes',
71 silly get     date: 'Mon, 24 Aug 2015 10:02:30 GMT',
71 silly get     via: '1.1 varnish',
71 silly get     age: '31',
71 silly get     connection: 'keep-alive',
71 silly get     'x-served-by': 'cache-lcy1125-LCY',
71 silly get     'x-cache': 'HIT',
71 silly get     'x-cache-hits': '1',
71 silly get     'x-timer': 'S1440410550.703501,VS0,VE1',
71 silly get     vary: 'Accept' } ]
72 verbose get saving bower to /home/mohibwasay/.npm/registry.npmjs.org/bower/.cache.json
73 silly addNameRange number 2 { name: 'bower', range: '*', hasData: true }
74 silly addNameRange versions [ 'bower',
74 silly addNameRange   [ '0.1.0',
74 silly addNameRange     '0.1.2',
74 silly addNameRange     '0.1.3',
74 silly addNameRange     '0.2.0',
74 silly addNameRange     '0.3.0',
74 silly addNameRange     '0.3.1',
74 silly addNameRange     '0.3.2',
74 silly addNameRange     '0.4.0',
74 silly addNameRange     '0.5.0',
74 silly addNameRange     '0.5.1',
74 silly addNameRange     '0.6.0',
74 silly addNameRange     '0.6.1',
74 silly addNameRange     '0.6.2',
74 silly addNameRange     '0.6.3',
74 silly addNameRange     '0.6.4',
74 silly addNameRange     '0.6.5',
74 silly addNameRange     '0.6.6',
74 silly addNameRange     '0.6.7',
74 silly addNameRange     '0.6.8',
74 silly addNameRange     '0.7.0',
74 silly addNameRange     '0.7.1',
74 silly addNameRange     '0.8.0',
74 silly addNameRange     '0.8.1',
74 silly addNameRange     '0.8.2',
74 silly addNameRange     '0.8.3',
74 silly addNameRange     '0.8.4',
74 silly addNameRange     '0.8.5',
74 silly addNameRange     '0.8.6',
74 silly addNameRange     '0.9.0',
74 silly addNameRange     '0.9.1',
74 silly addNameRange     '0.9.2',
74 silly addNameRange     '0.10.0',
74 silly addNameRange     '1.0.0',
74 silly addNameRange     '1.0.1',
74 silly addNameRange     '1.0.2',
74 silly addNameRange     '1.0.3',
74 silly addNameRange     '1.1.0',
74 silly addNameRange     '1.1.1',
74 silly addNameRange     '1.1.2',
74 silly addNameRange     '1.2.0',
74 silly addNameRange     '1.2.1',
74 silly addNameRange     '1.2.2',
74 silly addNameRange     '1.2.3',
74 silly addNameRange     '1.2.4',
74 silly addNameRange     '1.2.5',
74 silly addNameRange     '1.2.6',
74 silly addNameRange     '1.2.7',
74 silly addNameRange     '1.2.8',
74 silly addNameRange     '1.3.0',
74 silly addNameRange     '1.3.1',
74 silly addNameRange     '1.3.2',
74 silly addNameRange     '1.3.3',
74 silly addNameRange     '1.3.4',
74 silly addNameRange     '1.3.5',
74 silly addNameRange     '1.3.6',
74 silly addNameRange     '1.3.7',
74 silly addNameRange     '1.3.8',
74 silly addNameRange     '1.3.9',
74 silly addNameRange     '1.3.10',
74 silly addNameRange     '1.3.11',
74 silly addNameRange     '1.3.12',
74 silly addNameRange     '1.4.0',
74 silly addNameRange     '1.4.1',
74 silly addNameRange     '1.5.0',
74 silly addNameRange     '1.5.1' ] ]
75 silly addNamed bower@1.5.1
76 verbose addNamed "1.5.1" is a plain semver version for bower
77 silly mapToRegistry name bower
78 silly mapToRegistry using default registry
79 silly mapToRegistry registry https://registry.npmjs.org/
80 silly mapToRegistry uri https://registry.npmjs.org/bower
81 verbose addRemoteTarball https://registry.npmjs.org/bower/-/bower-1.5.1.tgz not in flight; adding
82 verbose addRemoteTarball [ 'https://registry.npmjs.org/bower/-/bower-1.5.1.tgz',
82 verbose addRemoteTarball   'a099d02fcd3952edb326011234b4fc616dfc3f36' ]
83 info retry fetch attempt 1 at 3:02:31 PM
84 info attempt registry request try #1 at 3:02:31 PM
85 http fetch GET https://registry.npmjs.org/bower/-/bower-1.5.1.tgz
86 http fetch 200 https://registry.npmjs.org/bower/-/bower-1.5.1.tgz
87 silly fetchAndShaCheck shasum a099d02fcd3952edb326011234b4fc616dfc3f36
88 verbose addTmpTarball /tmp/npm-3778-5f7a7e28/registry.npmjs.org/bower/-/bower-1.5.1.tgz not in flight; adding
89 verbose addTmpTarball already have metadata; skipping unpack for bower@1.5.1
90 silly cache afterAdd bower@1.5.1
91 verbose afterAdd /home/mohibwasay/.npm/bower/1.5.1/package/package.json not in flight; writing
92 verbose afterAdd /home/mohibwasay/.npm/bower/1.5.1/package/package.json written
93 verbose stack Error: Registry returned 404 for GET on https://registry.npmjs.org/ngCordova
93 verbose stack     at CachingRegistryClient.<anonymous> (/usr/local/lib/node_modules/npm/node_modules/npm-registry-client/lib/request.js:239:14)
93 verbose stack     at Request._callback (/usr/local/lib/node_modules/npm/node_modules/npm-registry-client/lib/request.js:170:14)
93 verbose stack     at Request.self.callback (/usr/local/lib/node_modules/npm/node_modules/request/request.js:354:22)
93 verbose stack     at Request.emit (events.js:110:17)
93 verbose stack     at Request.<anonymous> (/usr/local/lib/node_modules/npm/node_modules/request/request.js:1207:14)
93 verbose stack     at Request.emit (events.js:129:20)
93 verbose stack     at IncomingMessage.<anonymous> (/usr/local/lib/node_modules/npm/node_modules/request/request.js:1153:12)
93 verbose stack     at IncomingMessage.emit (events.js:129:20)
93 verbose stack     at _stream_readable.js:908:16
93 verbose stack     at process._tickCallback (node.js:355:11)
94 verbose statusCode 404
95 verbose pkgid ngCordova
96 verbose cwd /home/mohibwasay/Desktop/Projects/CameraCordova/camera
97 error Linux 3.13.0-58-generic
98 error argv "/usr/local/bin/node" "/usr/local/bin/npm" "install" "bower" "install" "ngCordova" "-S"
99 error node v0.12.7
100 error npm  v2.11.3
101 error code E404
102 error 404 Registry returned 404 for GET on https://registry.npmjs.org/ngCordova
102 error 404
102 error 404 'ngCordova' is not in the npm registry.
102 error 404 Your package name is not valid, because
102 error 404
102 error 404  1. name can no longer contain capital letters
102 error 404 It was specified as a dependency of 'camera'
102 error 404
102 error 404 Note that you can also install from a
102 error 404 tarball, folder, http url, or git url.
103 verbose exit [ 1, true ]
